<?xml version="1.0" encoding="UTF-8"?>
<coverage generated="1441512290">
  <project timestamp="1441512290">
    <package name="EdiParser\Arquivo">
      <file name="/home/fabio/web/EdiParser/src/EdiParser/Arquivo/Arquivo.php">
        <class name="Arquivo" namespace="EdiParser\Arquivo">
          <metrics methods="8" coveredmethods="5" conditionals="0" coveredconditionals="0" statements="36" coveredstatements="28" elements="44" coveredelements="33"/>
        </class>
        <line num="20" type="method" name="__construct" crap="8.03" count="1"/>
        <line num="21" type="stmt" count="1"/>
        <line num="22" type="stmt" count="1"/>
        <line num="24" type="stmt" count="1"/>
        <line num="26" type="stmt" count="1"/>
        <line num="28" type="stmt" count="1"/>
        <line num="29" type="stmt" count="1"/>
        <line num="30" type="stmt" count="1"/>
        <line num="31" type="stmt" count="1"/>
        <line num="32" type="stmt" count="1"/>
        <line num="33" type="stmt" count="1"/>
        <line num="35" type="stmt" count="1"/>
        <line num="36" type="stmt" count="1"/>
        <line num="37" type="stmt" count="1"/>
        <line num="39" type="stmt" count="1"/>
        <line num="40" type="stmt" count="1"/>
        <line num="41" type="stmt" count="1"/>
        <line num="42" type="stmt" count="1"/>
        <line num="44" type="stmt" count="1"/>
        <line num="45" type="stmt" count="1"/>
        <line num="46" type="stmt" count="1"/>
        <line num="48" type="stmt" count="0"/>
        <line num="49" type="stmt" count="0"/>
        <line num="51" type="stmt" count="1"/>
        <line num="52" type="stmt" count="1"/>
        <line num="53" type="stmt" count="1"/>
        <line num="55" type="stmt" count="1"/>
        <line num="56" type="method" name="getTipo" crap="1" count="1"/>
        <line num="57" type="stmt" count="1"/>
        <line num="59" type="method" name="getHeader" crap="1" count="1"/>
        <line num="60" type="stmt" count="1"/>
        <line num="62" type="method" name="setHeader" crap="2" count="0"/>
        <line num="63" type="stmt" count="0"/>
        <line num="64" type="stmt" count="0"/>
        <line num="66" type="method" name="getDetalhesRO" crap="1" count="1"/>
        <line num="67" type="stmt" count="1"/>
        <line num="69" type="method" name="setDetalhesRO" crap="2" count="0"/>
        <line num="70" type="stmt" count="0"/>
        <line num="71" type="stmt" count="0"/>
        <line num="73" type="method" name="getTrailer" crap="1" count="1"/>
        <line num="74" type="stmt" count="1"/>
        <line num="76" type="method" name="setTrailer" crap="2" count="0"/>
        <line num="77" type="stmt" count="0"/>
        <line num="78" type="stmt" count="0"/>
        <metrics loc="82" ncloc="82" classes="1" methods="8" coveredmethods="4" conditionals="0" coveredconditionals="0" statements="36" coveredstatements="28" elements="44" coveredelements="32"/>
      </file>
      <file name="/home/fabio/web/EdiParser/src/EdiParser/Arquivo/DetalheCV.php">
        <class name="DetalheCV" namespace="EdiParser\Arquivo">
          <metrics methods="1" coveredmethods="1" conditionals="0" coveredconditionals="0" statements="1" coveredstatements="1" elements="2" coveredelements="2"/>
        </class>
        <line num="9" type="method" name="__construct" crap="1" count="1"/>
        <line num="11" type="stmt" count="1"/>
        <metrics loc="12" ncloc="12" classes="1" methods="1" coveredmethods="1" conditionals="0" coveredconditionals="0" statements="1" coveredstatements="1" elements="2" coveredelements="2"/>
      </file>
      <file name="/home/fabio/web/EdiParser/src/EdiParser/Arquivo/DetalheRO.php">
        <class name="DetalheRO" namespace="EdiParser\Arquivo">
          <metrics methods="17" coveredmethods="11" conditionals="0" coveredconditionals="0" statements="35" coveredstatements="29" elements="52" coveredelements="40"/>
        </class>
        <line num="44" type="method" name="addDetalheCV" crap="1" count="1"/>
        <line num="45" type="stmt" count="1"/>
        <line num="46" type="stmt" count="1"/>
        <line num="48" type="method" name="getTipoDeTransacao" crap="2" count="0"/>
        <line num="49" type="stmt" count="0"/>
        <line num="51" type="method" name="setTipoDeTransacao" crap="2" count="1"/>
        <line num="52" type="stmt" count="1"/>
        <line num="53" type="stmt" count="1"/>
        <line num="54" type="stmt" count="1"/>
        <line num="55" type="stmt" count="1"/>
        <line num="56" type="stmt" count="1"/>
        <line num="58" type="stmt" count="1"/>
        <line num="59" type="stmt" count="1"/>
        <line num="61" type="method" name="getStatusPagamento" crap="2" count="0"/>
        <line num="62" type="stmt" count="0"/>
        <line num="64" type="method" name="setStatusPagamento" crap="2" count="1"/>
        <line num="65" type="stmt" count="1"/>
        <line num="66" type="stmt" count="1"/>
        <line num="67" type="stmt" count="1"/>
        <line num="68" type="stmt" count="1"/>
        <line num="70" type="stmt" count="1"/>
        <line num="71" type="stmt" count="1"/>
        <line num="73" type="method" name="getValorBruto" crap="1" count="1"/>
        <line num="74" type="stmt" count="1"/>
        <line num="76" type="method" name="setValorBruto" crap="1" count="1"/>
        <line num="77" type="stmt" count="1"/>
        <line num="78" type="stmt" count="1"/>
        <line num="80" type="method" name="getValorComissao" crap="2" count="0"/>
        <line num="81" type="stmt" count="0"/>
        <line num="83" type="method" name="setValorComissao" crap="1" count="1"/>
        <line num="84" type="stmt" count="1"/>
        <line num="85" type="stmt" count="1"/>
        <line num="87" type="method" name="getValorRejeitado" crap="2" count="0"/>
        <line num="88" type="stmt" count="0"/>
        <line num="90" type="method" name="setValorRejeitado" crap="1" count="1"/>
        <line num="91" type="stmt" count="1"/>
        <line num="92" type="stmt" count="1"/>
        <line num="94" type="method" name="getValorLiquido" crap="1" count="1"/>
        <line num="95" type="stmt" count="1"/>
        <line num="97" type="method" name="setValorLiquido" crap="1" count="1"/>
        <line num="98" type="stmt" count="1"/>
        <line num="99" type="stmt" count="1"/>
        <line num="101" type="method" name="getDtPrevPagamento" crap="2" count="0"/>
        <line num="102" type="stmt" count="0"/>
        <line num="104" type="method" name="setDtPrevPagamento" crap="1" count="1"/>
        <line num="105" type="stmt" count="1"/>
        <line num="106" type="stmt" count="1"/>
        <line num="108" type="method" name="getDtCaptura" crap="2" count="0"/>
        <line num="109" type="stmt" count="0"/>
        <line num="111" type="method" name="setDtCaptura" crap="1" count="1"/>
        <line num="112" type="stmt" count="1"/>
        <line num="113" type="stmt" count="1"/>
        <metrics loc="119" ncloc="117" classes="1" methods="17" coveredmethods="11" conditionals="0" coveredconditionals="0" statements="35" coveredstatements="29" elements="52" coveredelements="40"/>
      </file>
      <file name="/home/fabio/web/EdiParser/src/EdiParser/Arquivo/Header.php">
        <class name="Header" namespace="EdiParser\Arquivo">
          <metrics methods="8" coveredmethods="5" conditionals="0" coveredconditionals="0" statements="15" coveredstatements="12" elements="23" coveredelements="17"/>
        </class>
        <line num="21" type="method" name="getEstabelecimentoMatriz" crap="2" count="0"/>
        <line num="22" type="stmt" count="0"/>
        <line num="24" type="method" name="setEstabelecimentoMatriz" crap="1" count="1"/>
        <line num="25" type="stmt" count="1"/>
        <line num="26" type="stmt" count="1"/>
        <line num="28" type="method" name="getDtProcessamento" crap="2" count="0"/>
        <line num="29" type="stmt" count="0"/>
        <line num="31" type="method" name="setDtProcessamento" crap="1" count="1"/>
        <line num="32" type="stmt" count="1"/>
        <line num="33" type="stmt" count="1"/>
        <line num="35" type="method" name="getSequencia" crap="2" count="0"/>
        <line num="36" type="stmt" count="0"/>
        <line num="38" type="method" name="setSequencia" crap="1" count="1"/>
        <line num="39" type="stmt" count="1"/>
        <line num="40" type="stmt" count="1"/>
        <line num="42" type="method" name="getOpcaoDeExtrato" crap="1" count="1"/>
        <line num="43" type="stmt" count="1"/>
        <line num="45" type="method" name="setOpcaoDeExtrato" crap="2" count="1"/>
        <line num="46" type="stmt" count="1"/>
        <line num="47" type="stmt" count="1"/>
        <line num="48" type="stmt" count="1"/>
        <line num="50" type="stmt" count="1"/>
        <line num="51" type="stmt" count="1"/>
        <metrics loc="54" ncloc="54" classes="1" methods="8" coveredmethods="5" conditionals="0" coveredconditionals="0" statements="15" coveredstatements="12" elements="23" coveredelements="17"/>
      </file>
      <file name="/home/fabio/web/EdiParser/src/EdiParser/Arquivo/LinhaAbstract.php">
        <class name="LinhaAbstract" namespace="EdiParser\Arquivo">
          <metrics methods="1" coveredmethods="1" conditionals="0" coveredconditionals="0" statements="14" coveredstatements="14" elements="15" coveredelements="15"/>
        </class>
        <line num="10" type="method" name="__construct" crap="6" count="1"/>
        <line num="11" type="stmt" count="1"/>
        <line num="12" type="stmt" count="1"/>
        <line num="13" type="stmt" count="1"/>
        <line num="14" type="stmt" count="1"/>
        <line num="15" type="stmt" count="1"/>
        <line num="16" type="stmt" count="1"/>
        <line num="17" type="stmt" count="1"/>
        <line num="18" type="stmt" count="1"/>
        <line num="19" type="stmt" count="1"/>
        <line num="20" type="stmt" count="1"/>
        <line num="22" type="stmt" count="1"/>
        <line num="24" type="stmt" count="1"/>
        <line num="25" type="stmt" count="1"/>
        <line num="26" type="stmt" count="1"/>
        <metrics loc="27" ncloc="23" classes="1" methods="1" coveredmethods="1" conditionals="0" coveredconditionals="0" statements="14" coveredstatements="14" elements="15" coveredelements="15"/>
      </file>
      <file name="/home/fabio/web/EdiParser/src/EdiParser/Arquivo/Trailer.php">
        <class name="Trailer" namespace="EdiParser\Arquivo">
          <metrics methods="2" coveredmethods="1" conditionals="0" coveredconditionals="0" statements="3" coveredstatements="2" elements="5" coveredelements="3"/>
        </class>
        <line num="12" type="method" name="getTotalDeRegistros" crap="2" count="0"/>
        <line num="13" type="stmt" count="0"/>
        <line num="15" type="method" name="setTotalDeRegistros" crap="1" count="1"/>
        <line num="16" type="stmt" count="1"/>
        <line num="17" type="stmt" count="1"/>
        <metrics loc="20" ncloc="20" classes="1" methods="2" coveredmethods="1" conditionals="0" coveredconditionals="0" statements="3" coveredstatements="2" elements="5" coveredelements="3"/>
      </file>
    </package>
    <package name="EdiParser\Validator">
      <file name="/home/fabio/web/EdiParser/src/EdiParser/Validator/ArquivoValidator.php">
        <class name="ArquivoValidator" namespace="EdiParser\Validator">
          <metrics methods="1" coveredmethods="1" conditionals="0" coveredconditionals="0" statements="1" coveredstatements="1" elements="2" coveredelements="2"/>
        </class>
        <line num="6" type="method" name="validate" crap="1" count="1"/>
        <line num="7" type="stmt" count="1"/>
        <metrics loc="8" ncloc="8" classes="1" methods="1" coveredmethods="1" conditionals="0" coveredconditionals="0" statements="1" coveredstatements="1" elements="2" coveredelements="2"/>
      </file>
    </package>
    <metrics files="7" loc="322" ncloc="316" classes="7" methods="38" coveredmethods="24" conditionals="0" coveredconditionals="0" statements="105" coveredstatements="87" elements="143" coveredelements="111"/>
  </project>
</coverage>
